c:\users\administrator\desktop\notepad\notepad\notepad\imageprocessor\x64\debug\vc120.pdb
c:\users\administrator\desktop\notepad\notepad\notepad\imageprocessor\x64\debug\showwidget.obj
c:\users\administrator\desktop\notepad\notepad\notepad\imageprocessor\x64\debug\main.obj
c:\users\administrator\desktop\notepad\notepad\notepad\imageprocessor\x64\debug\imgprocessor.obj
c:\users\administrator\desktop\notepad\notepad\notepad\imageprocessor\x64\debug\moc_showwidget.obj
c:\users\administrator\desktop\notepad\notepad\notepad\imageprocessor\x64\debug\moc_imgprocessor.obj
c:\users\administrator\desktop\notepad\notepad\notepad\imageprocessor\debug\moc_imgprocessor.cpp
c:\users\administrator\desktop\notepad\notepad\notepad\imageprocessor\debug\moc_showwidget.cpp
c:\users\administrator\desktop\notepad\notepad\notepad\imageprocessor\debug\imageprocessor.ilk
c:\users\administrator\desktop\notepad\notepad\notepad\imageprocessor\debug\imageprocessor.exe
c:\users\administrator\desktop\notepad\notepad\notepad\imageprocessor\debug\imageprocessor.pdb
c:\users\administrator\desktop\notepad\notepad\notepad\imageprocessor\x64\debug\imageprocessor.tlog\cl.command.1.tlog
c:\users\administrator\desktop\notepad\notepad\notepad\imageprocessor\x64\debug\imageprocessor.tlog\cl.read.1.tlog
c:\users\administrator\desktop\notepad\notepad\notepad\imageprocessor\x64\debug\imageprocessor.tlog\cl.write.1.tlog
c:\users\administrator\desktop\notepad\notepad\notepad\imageprocessor\x64\debug\imageprocessor.tlog\custombuild.command.1.tlog
c:\users\administrator\desktop\notepad\notepad\notepad\imageprocessor\x64\debug\imageprocessor.tlog\custombuild.read.1.tlog
c:\users\administrator\desktop\notepad\notepad\notepad\imageprocessor\x64\debug\imageprocessor.tlog\custombuild.write.1.tlog
c:\users\administrator\desktop\notepad\notepad\notepad\imageprocessor\x64\debug\imageprocessor.tlog\link.command.1.tlog
c:\users\administrator\desktop\notepad\notepad\notepad\imageprocessor\x64\debug\imageprocessor.tlog\link.read.1.tlog
c:\users\administrator\desktop\notepad\notepad\notepad\imageprocessor\x64\debug\imageprocessor.tlog\link.write.1.tlog
